2025-04-18 11:27:56,663 - INFO - Starting database creation process...
2025-04-18 11:28:03,046 - WARNING - SQL Server not available yet. Attempt 1/10. Waiting...
2025-04-18 11:28:14,383 - WARNING - SQL Server not available yet. Attempt 2/10. Waiting...
2025-04-18 11:28:25,669 - WARNING - SQL Server not available yet. Attempt 3/10. Waiting...
2025-04-18 11:28:36,995 - WARNING - SQL Server not available yet. Attempt 4/10. Waiting...
2025-04-18 11:28:48,264 - WARNING - SQL Server not available yet. Attempt 5/10. Waiting...
2025-04-18 11:28:59,545 - WARNING - SQL Server not available yet. Attempt 6/10. Waiting...
2025-04-18 11:29:10,822 - WARNING - SQL Server not available yet. Attempt 7/10. Waiting...
2025-04-18 11:29:22,137 - WARNING - SQL Server not available yet. Attempt 8/10. Waiting...
2025-04-18 11:29:33,423 - WARNING - SQL Server not available yet. Attempt 9/10. Waiting...
2025-04-18 11:29:44,762 - WARNING - SQL Server not available yet. Attempt 10/10. Waiting...
2025-04-18 11:29:49,763 - ERROR - Could not connect to SQL Server after multiple attempts
2025-04-18 11:34:03,407 - INFO - Starting database creation process...
2025-04-18 11:34:03,517 - WARNING - SQL Server container status: Exited (255) 9 seconds ago
2025-04-18 11:34:03,517 - INFO - Attempting to start the container...
2025-04-18 11:34:08,834 - INFO - Successfully started SQL Server container
2025-04-18 11:34:09,021 - WARNING - SQL Server not available yet: ('08001', '[08001] [Microsoft][ODBC Driver 17 for SQL Server]Client unable to establish connection because an error was encountered during handshakes before login. Common causes include client attempting to connect to an unsupported version of SQL Server, server too busy to accept new connections or a resource limitation (memory or maximum allowed connections) on the server. (26) (SQLDriverConnect); [08001] [Microsoft][ODBC Driver 17 for SQL Server]TCP Provider: An existing connection was forcibly closed by the remote host.\r\n (10054); [08001] [Microsoft][ODBC Driver 17 for SQL Server]Client unable to establish connection (26); [08001] [Microsoft][ODBC Driver 17 for SQL Server]Invalid connection string attribute (0); [08001] [Microsoft][ODBC Driver 17 for SQL Server]Client unable to establish connection due to prelogin failure (10054)')
2025-04-18 11:34:09,021 - WARNING - Attempt 1/15. Waiting...
2025-04-18 11:34:20,549 - WARNING - SQL Server not available yet: ('08001', '[08001] [Microsoft][ODBC Driver 17 for SQL Server]Client unable to establish connection because an error was encountered during handshakes before login. Common causes include client attempting to connect to an unsupported version of SQL Server, server too busy to accept new connections or a resource limitation (memory or maximum allowed connections) on the server. (26) (SQLDriverConnect); [08001] [Microsoft][ODBC Driver 17 for SQL Server]TCP Provider: An existing connection was forcibly closed by the remote host.\r\n (10054); [08001] [Microsoft][ODBC Driver 17 for SQL Server]Client unable to establish connection (26); [08001] [Microsoft][ODBC Driver 17 for SQL Server]Invalid connection string attribute (0); [08001] [Microsoft][ODBC Driver 17 for SQL Server]Client unable to establish connection due to prelogin failure (10054)')
2025-04-18 11:34:20,550 - WARNING - Attempt 2/15. Waiting...
2025-04-18 11:34:36,833 - WARNING - Login timeout. SQL Server may be busy starting up.
2025-04-18 11:34:36,833 - WARNING - Attempt 3/15. Waiting...
2025-04-18 11:34:53,133 - WARNING - Login timeout. SQL Server may be busy starting up.
2025-04-18 11:34:53,134 - WARNING - Attempt 4/15. Waiting...
2025-04-18 11:35:17,669 - INFO - Starting database creation process...
2025-04-18 11:35:17,774 - WARNING - SQL Server container status: Exited (255) 52 seconds ago
2025-04-18 11:35:17,775 - INFO - Attempting to start the container...
2025-04-18 11:35:23,139 - INFO - Successfully started SQL Server container
2025-04-18 11:35:23,189 - WARNING - SQL Server not available yet: ('08001', '[08001] [Microsoft][ODBC Driver 17 for SQL Server]Client unable to establish connection because an error was encountered during handshakes before login. Common causes include client attempting to connect to an unsupported version of SQL Server, server too busy to accept new connections or a resource limitation (memory or maximum allowed connections) on the server. (26) (SQLDriverConnect); [08001] [Microsoft][ODBC Driver 17 for SQL Server]TCP Provider: An existing connection was forcibly closed by the remote host.\r\n (10054); [08001] [Microsoft][ODBC Driver 17 for SQL Server]Client unable to establish connection (26); [08001] [Microsoft][ODBC Driver 17 for SQL Server]Invalid connection string attribute (0); [08001] [Microsoft][ODBC Driver 17 for SQL Server]Client unable to establish connection due to prelogin failure (10054)')
2025-04-18 11:35:23,189 - WARNING - Attempt 1/15. Waiting...
2025-04-18 11:35:34,663 - INFO - Starting database creation process...
2025-04-18 11:35:34,772 - WARNING - SQL Server container status: Exited (255) 11 seconds ago
2025-04-18 11:35:34,773 - INFO - Attempting to start the container...
2025-04-18 11:35:40,158 - INFO - Successfully started SQL Server container
2025-04-18 11:35:40,213 - WARNING - Unknown error connecting to SQL Server: ('28000', "[28000] [Microsoft][ODBC Driver 17 for SQL Server][SQL Server]Login failed for user 'sa'. (18456) (SQLDriverConnect); [28000] [Microsoft][ODBC Driver 17 for SQL Server]Invalid connection string attribute (0); [28000] [Microsoft][ODBC Driver 17 for SQL Server][SQL Server]Login failed for user 'sa'. (18456); [28000] [Microsoft][ODBC Driver 17 for SQL Server]Invalid connection string attribute (0)")
2025-04-18 11:35:40,213 - WARNING - Attempt 1/15. Waiting...
2025-04-18 11:35:56,488 - WARNING - Login timeout. SQL Server may be busy starting up.
2025-04-18 11:35:56,488 - WARNING - Attempt 2/15. Waiting...
2025-04-18 11:38:56,155 - INFO - Starting database creation process...
2025-04-18 11:38:56,277 - WARNING - SQL Server container status: Exited (255) 42 seconds ago
2025-04-18 11:38:56,277 - INFO - Attempting to start the container...
2025-04-18 11:39:01,710 - INFO - Successfully started SQL Server container
2025-04-18 11:39:01,749 - WARNING - SQL Server not available yet: ('08001', '[08001] [Microsoft][ODBC Driver 17 for SQL Server]Client unable to establish connection because an error was encountered during handshakes before login. Common causes include client attempting to connect to an unsupported version of SQL Server, server too busy to accept new connections or a resource limitation (memory or maximum allowed connections) on the server. (26) (SQLDriverConnect); [08001] [Microsoft][ODBC Driver 17 for SQL Server]TCP Provider: An existing connection was forcibly closed by the remote host.\r\n (10054); [08001] [Microsoft][ODBC Driver 17 for SQL Server]Client unable to establish connection (26); [08001] [Microsoft][ODBC Driver 17 for SQL Server]Invalid connection string attribute (0); [08001] [Microsoft][ODBC Driver 17 for SQL Server]Client unable to establish connection due to prelogin failure (10054)')
2025-04-18 11:39:01,750 - WARNING - Attempt 1/15. Waiting...
2025-04-18 11:39:18,071 - WARNING - Login timeout. SQL Server may be busy starting up.
2025-04-18 11:39:18,071 - WARNING - Attempt 2/15. Waiting...
2025-04-18 15:55:55,214 - INFO - Starting database creation process...
2025-04-18 15:55:55,332 - INFO - SQL Server container is running
2025-04-18 15:55:55,453 - INFO - SQL Server is available!
2025-04-18 15:55:55,457 - INFO - Creating database 'AtikBildirimFormu'...
2025-04-18 15:55:55,461 - ERROR - Error creating database: ('42000', '[42000] [Microsoft][ODBC Driver 17 for SQL Server][SQL Server]CREATE DATABASE statement not allowed within multi-statement transaction. (226) (SQLExecDirectW)')
2025-04-18 15:58:04,240 - INFO - Starting database creation process...
2025-04-18 15:58:04,357 - INFO - SQL Server container is running
2025-04-18 15:58:04,409 - INFO - SQL Server is available!
2025-04-18 15:58:04,410 - INFO - Creating database 'AtikBildirimFormu'...
2025-04-18 15:58:04,709 - INFO - Database 'AtikBildirimFormu' created successfully
2025-04-18 15:58:04,831 - INFO - Tables created/verified successfully
2025-04-18 15:58:04,863 - INFO - Inserted 10 sample records
2025-04-18 15:58:04,868 - INFO - Successfully connected to SQL Server: Microsoft SQL Server 2022 (RTM-CU18) (KB5050771) - 16.0.4185.3 (X64) 
	Feb 28 2025 18:24:49 
	Copyright (C) 2022 Microsoft Corporation
	Developer Edition (64-bit) on Linux (Ubuntu 22.04.5 LTS) <X64>
2025-04-18 15:58:04,869 - INFO - Number of records in AtikBildirimFormlari: 10
2025-04-18 15:58:04,872 - INFO - Database setup completed successfully!
2025-04-18 15:58:13,980 - INFO - Starting database creation process...
2025-04-18 15:58:14,085 - INFO - SQL Server container is running
2025-04-18 15:58:14,137 - INFO - SQL Server is available!
2025-04-18 15:58:14,138 - INFO - Database 'AtikBildirimFormu' already exists
2025-04-18 15:58:14,162 - INFO - Tables created/verified successfully
2025-04-18 15:58:14,165 - INFO - Sample data already exists (10 records). Skipping insertion.
2025-04-18 15:58:14,170 - INFO - Successfully connected to SQL Server: Microsoft SQL Server 2022 (RTM-CU18) (KB5050771) - 16.0.4185.3 (X64) 
	Feb 28 2025 18:24:49 
	Copyright (C) 2022 Microsoft Corporation
	Developer Edition (64-bit) on Linux (Ubuntu 22.04.5 LTS) <X64>
2025-04-18 15:58:14,171 - INFO - Number of records in AtikBildirimFormlari: 10
2025-04-18 15:58:14,173 - INFO - Database setup completed successfully!
2025-05-29 09:12:01,361 - INFO - Starting database creation process...
2025-05-29 09:12:01,624 - ERROR - Error checking Docker container: Command '['docker', 'ps', '--filter', 'id=ddd11bc19d271b2e356a906bbc833462a00c14ceb8866ca9783e36ae1c9ddfcb', '--format', '{{.Status}}']' returned non-zero exit status 1.
2025-05-29 09:12:01,624 - ERROR - Please fix the SQL Server container issues before proceeding.
